[2025-11-12 16:26:14] [INFO]
[2025-11-12 16:26:14] [INFO] ======================================================================
[2025-11-12 16:26:14] [INFO] S1 实验完整自动化流程
[2025-11-12 16:26:14] [INFO] 开始时间: 2025-11-12 16:26:14
[2025-11-12 16:26:14] [INFO] ======================================================================
[2025-11-12 16:26:14] [INFO]
[2025-11-12 16:26:14] [INFO] 任务:
[2025-11-12 16:26:14] [INFO]   1. 监控当前训练 (S1 IID seed=42)
[2025-11-12 16:26:14] [INFO]   2. 自动启动后续5个实验
[2025-11-12 16:26:14] [INFO]   3. 完成后进行Phase 4结果分析
[2025-11-12 16:26:14] [INFO]
[2025-11-12 16:26:14] [INFO] ======================================================================
[2025-11-12 16:26:14] [INFO] 步骤 1/3: 监控当前训练 (S1 IID seed=42)
[2025-11-12 16:26:14] [INFO] ======================================================================
[2025-11-12 16:26:14] [INFO] 实验目录: experiments\s1_iid_lateavg_20251112_155335
[2025-11-12 16:26:14] [INFO] 实验1正在运行中，开始监控...
[2025-11-12 16:26:14] [INFO] 检查间隔: 3分钟
[2025-11-12 16:26:14] [INFO] 状态: 训练中: Epoch 7/20
[2025-11-12 16:32:14] [INFO] 状态: 训练中: Epoch 8/20
[2025-11-12 16:35:14] [INFO] 状态: 训练中: Epoch 9/20
[2025-11-12 16:38:14] [INFO] ======================================================================
[2025-11-12 16:38:14] [INFO] 实验1完成！
[2025-11-12 16:38:14] [INFO] ======================================================================
[2025-11-12 16:38:14] [INFO]
[2025-11-12 16:38:14] [INFO] ======================================================================
[2025-11-12 16:38:14] [INFO] 步骤 2/3: 运行剩余5个实验
[2025-11-12 16:38:14] [INFO] ======================================================================
[2025-11-12 16:38:14] [INFO] ======================================================================
[2025-11-12 16:38:14] [INFO] 启动实验 2/6: S1_IID_seed43
[2025-11-12 16:38:14] [INFO] 命令: python scripts/train_hydra.py experiment=s1_iid_lateavg run.seed=43
[2025-11-12 16:38:14] [INFO] ======================================================================
[2025-11-12 19:35:02] [INFO] 实验 S1_IID_seed43 完成！耗时: 2.95 小时
[2025-11-12 19:35:02] [INFO] 实验目录: experiments\s1_iid_lateavg_20251112_163819
[2025-11-12 19:35:02] [ERROR] 实验 S1_IID_seed43 出错: Unknown format code 'f' for object of type 'str'
[2025-11-12 19:35:12] [INFO] ======================================================================
[2025-11-12 19:35:12] [INFO] 启动实验 3/6: S1_IID_seed44
[2025-11-12 19:35:12] [INFO] 命令: python scripts/train_hydra.py experiment=s1_iid_lateavg run.seed=44
[2025-11-12 19:35:12] [INFO] ======================================================================
[2025-11-12 19:35:18] [ERROR] 实验 S1_IID_seed44 失败！返回码: 1
[2025-11-12 19:35:18] [ERROR] 错误信息: Seed set to 44
Error executing job with overrides: ['experiment=s1_iid_lateavg', 'run.seed=44']

Error locating target 'src.systems.s0_late_avg_system.S0LateAverageSystem', set env var HYDRA_FULL_ERROR=1 to see chained exception.
full_key: system


Set the environment variable HYDRA_FULL_ERROR=1 for a complete stack trace.

[2025-11-12 19:35:28] [INFO] ======================================================================
[2025-11-12 19:35:28] [INFO] 启动实验 4/6: S1_BrandOOD_seed42
[2025-11-12 19:35:28] [INFO] 命令: python scripts/train_hydra.py experiment=s1_brandood_lateavg run.seed=42
[2025-11-12 19:35:28] [INFO] ======================================================================
[2025-11-12 19:35:34] [ERROR] 实验 S1_BrandOOD_seed42 失败！返回码: 1
[2025-11-12 19:35:34] [ERROR] 错误信息: Seed set to 42
Error executing job with overrides: ['experiment=s1_brandood_lateavg', 'run.seed=42']

Error locating target 'src.systems.s0_late_avg_system.S0LateAverageSystem', set env var HYDRA_FULL_ERROR=1 to see chained exception.
full_key: system


Set the environment variable HYDRA_FULL_ERROR=1 for a complete stack trace.

[2025-11-12 19:35:44] [INFO] ======================================================================
[2025-11-12 19:35:44] [INFO] 启动实验 5/6: S1_BrandOOD_seed43
[2025-11-12 19:35:44] [INFO] 命令: python scripts/train_hydra.py experiment=s1_brandood_lateavg run.seed=43
[2025-11-12 19:35:44] [INFO] ======================================================================
[2025-11-12 19:35:50] [ERROR] 实验 S1_BrandOOD_seed43 失败！返回码: 1
[2025-11-12 19:35:50] [ERROR] 错误信息: Seed set to 43
Error executing job with overrides: ['experiment=s1_brandood_lateavg', 'run.seed=43']

Error locating target 'src.systems.s0_late_avg_system.S0LateAverageSystem', set env var HYDRA_FULL_ERROR=1 to see chained exception.
full_key: system


Set the environment variable HYDRA_FULL_ERROR=1 for a complete stack trace.

[2025-11-12 19:36:00] [INFO] ======================================================================
[2025-11-12 19:36:00] [INFO] 启动实验 6/6: S1_BrandOOD_seed44
[2025-11-12 19:36:00] [INFO] 命令: python scripts/train_hydra.py experiment=s1_brandood_lateavg run.seed=44
[2025-11-12 19:36:00] [INFO] ======================================================================
[2025-11-12 19:36:07] [ERROR] 实验 S1_BrandOOD_seed44 失败！返回码: 1
[2025-11-12 19:36:07] [ERROR] 错误信息: Seed set to 44
Error executing job with overrides: ['experiment=s1_brandood_lateavg', 'run.seed=44']

Error locating target 'src.systems.s0_late_avg_system.S0LateAverageSystem', set env var HYDRA_FULL_ERROR=1 to see chained exception.
full_key: system


Set the environment variable HYDRA_FULL_ERROR=1 for a complete stack trace.

[2025-11-12 19:36:17] [INFO]
[2025-11-12 19:36:17] [INFO] ======================================================================
[2025-11-12 19:36:17] [INFO] 步骤 3/3: Phase 4 结果分析
[2025-11-12 19:36:17] [INFO] ======================================================================
[2025-11-12 19:36:17] [INFO] 提取评估结果...
[2025-11-12 19:36:19] [INFO] 评估结果提取完成
[2025-11-12 19:36:19] [INFO] 生成S0/S1汇总表格...
[2025-11-12 19:36:19] [INFO] S0/S1汇总表格生成完成
[2025-11-12 19:36:19] [INFO] Phase 4 完成
[2025-11-12 19:36:19] [INFO]
[2025-11-12 19:36:19] [INFO] ======================================================================
[2025-11-12 19:36:19] [INFO] 所有任务完成！
[2025-11-12 19:36:19] [INFO] 总耗时: 3.17 小时
[2025-11-12 19:36:19] [INFO] 完成时间: 2025-11-12 19:36:19
[2025-11-12 19:36:19] [INFO] ======================================================================
[2025-11-12 19:36:19] [INFO]
[2025-11-12 19:36:19] [INFO] 实验结果汇总:
[2025-11-12 19:36:19] [INFO]   1/6 - S1_IID_seed42: 完成
[2025-11-12 19:36:19] [INFO]   2/6 - S1_IID_seed43: 失败
[2025-11-12 19:36:19] [INFO]   3/6 - S1_IID_seed44: 失败
[2025-11-12 19:36:19] [INFO]   4/6 - S1_BrandOOD_seed42: 失败
[2025-11-12 19:36:19] [INFO]   5/6 - S1_BrandOOD_seed43: 失败
[2025-11-12 19:36:19] [INFO]   6/6 - S1_BrandOOD_seed44: 失败
[2025-11-12 19:36:19] [INFO]
总成功: 1/6
[2025-11-12 19:36:19] [INFO]
[2025-11-12 19:36:19] [INFO] 输出文件:
[2025-11-12 19:36:19] [INFO]   - 日志: workspace\full_automation.log
[2025-11-12 19:36:19] [INFO]   - 状态: workspace\automation_status.json
[2025-11-12 19:36:19] [INFO]   - 实验目录: experiments/s1_*
